Using pre-set license
Built from '2020.2/release' branch; Version is '2020.2.2f1 (068178b99f32) revision 426360'; Using compiler version '192528614'; Build Type 'Release'
OS: 'Windows 10 Home; OS build 19042.804; Version 2009; 64bit' Language: 'en' Physical Memory: 16146 MB
BatchMode: 1, IsHumanControllingUs: 0, StartBugReporterOnCrash: 0, Is64bit: 1, IsPro: 0

 COMMAND LINE ARGUMENTS:
C:\Program Files\Unity\Hub\Editor\2020.2.2f1\Editor\Unity.exe
-adb2
-batchMode
-noUpm
-name
AssetImportWorker0
-projectPath
C:/Data/GitHub/city
-logFile
Logs/AssetImportWorker0.log
-srvPort
64637
Successfully changed project path to: C:/Data/GitHub/city
C:/Data/GitHub/city
Using Asset Import Pipeline V2.
Refreshing native plugins compatible for Editor in 25.23 ms, found 0 plugins.
Preloading 0 native plugins for Editor in 0.00 ms.
Initialize engine version: 2020.2.2f1 (068178b99f32)
[Subsystems] Discovering subsystems at path C:/Program Files/Unity/Hub/Editor/2020.2.2f1/Editor/Data/Resources/UnitySubsystems
[Subsystems] Discovering subsystems at path C:/Data/GitHub/city/Assets
GfxDevice: creating device client; threaded=0
Direct3D:
    Version:  Direct3D 11.0 [level 11.1]
    Renderer: NVIDIA GeForce RTX 2070 Super (ID=0x1e91)
    Vendor:   
    VRAM:     8011 MB
    Driver:   27.21.14.6140
Initialize mono
Mono path[0] = 'C:/Program Files/Unity/Hub/Editor/2020.2.2f1/Editor/Data/Managed'
Mono path[1] = 'C:/Program Files/Unity/Hub/Editor/2020.2.2f1/Editor/Data/MonoBleedingEdge/lib/mono/unityjit'
Mono config path = 'C:/Program Files/Unity/Hub/Editor/2020.2.2f1/Editor/Data/MonoBleedingEdge/etc'
Using monoOptions --debugger-agent=transport=dt_socket,embedding=1,server=y,suspend=n,address=127.0.0.1:56664
Begin MonoManager ReloadAssembly
Registering precompiled unity dll's ...
Register platform support module: C:/Program Files/Unity/Hub/Editor/2020.2.2f1/Editor/Data/PlaybackEngines/WindowsStandaloneSupport/UnityEditor.WindowsStandalone.Extensions.dll
Registered in 0.001462 seconds.
Native extension for WindowsStandalone target not found
Refreshing native plugins compatible for Editor in 24.49 ms, found 0 plugins.
Preloading 0 native plugins for Editor in 0.00 ms.
Invoked RoslynAnalysisRunner static constructor.
RoslynAnalysisRunner will not be running.
RoslynAnalysisRunner has terminated.
Mono: successfully reloaded assembly
- Completed reload, in  1.339 seconds
Platform modules already initialized, skipping
Registering precompiled user dll's ...
Registered in 0.000573 seconds.
Begin MonoManager ReloadAssembly
Native extension for WindowsStandalone target not found
Refreshing native plugins compatible for Editor in 0.39 ms, found 0 plugins.
Preloading 0 native plugins for Editor in 0.00 ms.
Invoked RoslynAnalysisRunner static constructor.
RoslynAnalysisRunner will not be running.
RoslynAnalysisRunner has terminated.
Mono: successfully reloaded assembly
- Completed reload, in  0.669 seconds
Platform modules already initialized, skipping
========================================================================
Worker process is ready to serve import requests
Launched and connected shader compiler UnityShaderCompiler.exe after 0.03 seconds
Refreshing native plugins compatible for Editor in 0.24 ms, found 0 plugins.
Preloading 0 native plugins for Editor in 0.00 ms.
Unloading 1105 Unused Serialized files (Serialized files now loaded: 0)
System memory in use before: 57.5 MB.
System memory in use after: 57.6 MB.

Unloading 9 unused Assets to reduce memory usage. Loaded Objects now: 1549.
Total: 1.706300 ms (FindLiveObjects: 0.210000 ms CreateObjectMapping: 0.053600 ms MarkObjects: 1.335800 ms  DeleteObjects: 0.106200 ms)

========================================================================
Received Import Request.
  path: Assets/Prefabs/Chairman.prefab
  artifactKey: Guid(d876003f6f8f848cc954479956adee02) Importer(815301076,1909f56bfc062723c751e8b465ee728b)
Start importing Assets/Prefabs/Chairman.prefab using Guid(d876003f6f8f848cc954479956adee02) Importer(815301076,1909f56bfc062723c751e8b465ee728b)  -> (artifact id: '29da3a4246a0aa134b392174c357ab2c') in 0.127995 seconds
  Import took 0.130576 seconds .

========================================================================
Received Import Request.
  Time since last request: 511.529228 seconds.
  path: Assets/Agents/images/two-men-sitting2.psd
  artifactKey: Guid(f03a7993be6952a40a1576fbf0ee322b) Importer(815301076,1909f56bfc062723c751e8b465ee728b)
Start importing Assets/Agents/images/two-men-sitting2.psd using Guid(f03a7993be6952a40a1576fbf0ee322b) Importer(815301076,1909f56bfc062723c751e8b465ee728b)  -> (artifact id: 'd82f96da9c48054fa71ac102832f1b71') in 0.043954 seconds
  Import took 0.046330 seconds .

========================================================================
Received Import Request.
  Time since last request: 0.002093 seconds.
  path: Assets/Agents/images/two-men-sitting2.psd
  artifactKey: Guid(f03a7993be6952a40a1576fbf0ee322b) Importer(815301076,1909f56bfc062723c751e8b465ee728b)
Start importing Assets/Agents/images/two-men-sitting2.psd using Guid(f03a7993be6952a40a1576fbf0ee322b) Importer(815301076,1909f56bfc062723c751e8b465ee728b)  -> (artifact id: 'd82f96da9c48054fa71ac102832f1b71') in 0.014295 seconds
  Import took 0.015891 seconds .

========================================================================
Received Import Request.
  Time since last request: 1.222719 seconds.
  path: Assets/Agents/images/three-women-sitting.psd
  artifactKey: Guid(de400999e4b3f48f09e5377b46613df5) Importer(815301076,1909f56bfc062723c751e8b465ee728b)
Start importing Assets/Agents/images/three-women-sitting.psd using Guid(de400999e4b3f48f09e5377b46613df5) Importer(815301076,1909f56bfc062723c751e8b465ee728b)  -> (artifact id: '6d4ede3a54ecd53a3e038a8cbad887b6') in 0.040738 seconds
  Import took 0.044589 seconds .

========================================================================
Received Import Request.
  Time since last request: 0.657422 seconds.
  path: Assets/Agents/images/three-business-men-on-cobble-street.psd
  artifactKey: Guid(cf68aa2d559f14acea285485b1c9658f) Importer(815301076,1909f56bfc062723c751e8b465ee728b)
Start importing Assets/Agents/images/three-business-men-on-cobble-street.psd using Guid(cf68aa2d559f14acea285485b1c9658f) Importer(815301076,1909f56bfc062723c751e8b465ee728b)  -> (artifact id: '8b0a5bfb88c85317001e7c43616a0547') in 0.024719 seconds
  Import took 0.028659 seconds .

========================================================================
Received Import Request.
  Time since last request: 6.134800 seconds.
  path: Assets/Agents/images/statue-pointing.psd
  artifactKey: Guid(9893250edbc1844afb9a999b8095cd78) Importer(815301076,1909f56bfc062723c751e8b465ee728b)
Start importing Assets/Agents/images/statue-pointing.psd using Guid(9893250edbc1844afb9a999b8095cd78) Importer(815301076,1909f56bfc062723c751e8b465ee728b)  -> (artifact id: 'a4cbe89aca47b172816cfafe7dafc6e0') in 0.018734 seconds
  Import took 0.020316 seconds .

========================================================================
Received Import Request.
  Time since last request: 0.522440 seconds.
  path: Assets/Agents/images/silhouettes3.psd
  artifactKey: Guid(75c9b3d426a11c649a1cd01ee3f138df) Importer(815301076,1909f56bfc062723c751e8b465ee728b)
Start importing Assets/Agents/images/silhouettes3.psd using Guid(75c9b3d426a11c649a1cd01ee3f138df) Importer(815301076,1909f56bfc062723c751e8b465ee728b)  -> (artifact id: '3d1175735a85632ed6f9fb05b738866a') in 0.079388 seconds
  Import took 0.085735 seconds .

========================================================================
Received Import Request.
  Time since last request: 0.311132 seconds.
  path: Assets/Agents/images/silhouettes2.psd
  artifactKey: Guid(832490d2f7a8942c08e79b2352c227c0) Importer(815301076,1909f56bfc062723c751e8b465ee728b)
Start importing Assets/Agents/images/silhouettes2.psd using Guid(832490d2f7a8942c08e79b2352c227c0) Importer(815301076,1909f56bfc062723c751e8b465ee728b)  -> (artifact id: '88e354c490775215d6c0cd9d47235633') in 0.016742 seconds
  Import took 0.019884 seconds .

========================================================================
Received Import Request.
  Time since last request: 0.420288 seconds.
  path: Assets/Agents/images/silhouettes.psd
  artifactKey: Guid(a8ca2ba1e98044950beb569d89f8b9d3) Importer(815301076,1909f56bfc062723c751e8b465ee728b)
Start importing Assets/Agents/images/silhouettes.psd using Guid(a8ca2ba1e98044950beb569d89f8b9d3) Importer(815301076,1909f56bfc062723c751e8b465ee728b)  -> (artifact id: '8adc77d1709ab007926d57a31a375f08') in 0.057645 seconds
  Import took 0.059213 seconds .

========================================================================
Received Import Request.
  Time since last request: 0.005393 seconds.
  path: Assets/Agents/images/silhouettes.psd
  artifactKey: Guid(a8ca2ba1e98044950beb569d89f8b9d3) Importer(815301076,1909f56bfc062723c751e8b465ee728b)
Start importing Assets/Agents/images/silhouettes.psd using Guid(a8ca2ba1e98044950beb569d89f8b9d3) Importer(815301076,1909f56bfc062723c751e8b465ee728b)  -> (artifact id: '8adc77d1709ab007926d57a31a375f08') in 0.025414 seconds
  Import took 0.027094 seconds .

========================================================================
Received Import Request.
  Time since last request: 0.338322 seconds.
  path: Assets/Agents/images/san-george2.psd
  artifactKey: Guid(b77b471a73b5547afbbc2c291b656d9d) Importer(815301076,1909f56bfc062723c751e8b465ee728b)
Start importing Assets/Agents/images/san-george2.psd using Guid(b77b471a73b5547afbbc2c291b656d9d) Importer(815301076,1909f56bfc062723c751e8b465ee728b)  -> (artifact id: 'ee10d1fbcea5e733ca0f9376d37bf3cb') in 0.017384 seconds
  Import took 0.019438 seconds .

========================================================================
Received Import Request.
  Time since last request: 0.296528 seconds.
  path: Assets/Agents/images/san-george.psd
  artifactKey: Guid(eeb000c671f504edf8af9254d02df374) Importer(815301076,1909f56bfc062723c751e8b465ee728b)
Start importing Assets/Agents/images/san-george.psd using Guid(eeb000c671f504edf8af9254d02df374) Importer(815301076,1909f56bfc062723c751e8b465ee728b)  -> (artifact id: '9b9e893c0aa844fa9d328bdc1f5b9fbf') in 0.069825 seconds
  Import took 0.073602 seconds .

========================================================================
Received Import Request.
  Time since last request: 0.193994 seconds.
  path: Assets/Agents/images/saifi.psd
  artifactKey: Guid(d9ccc8781d43c455cac6a6b85a7bde62) Importer(815301076,1909f56bfc062723c751e8b465ee728b)
Start importing Assets/Agents/images/saifi.psd using Guid(d9ccc8781d43c455cac6a6b85a7bde62) Importer(815301076,1909f56bfc062723c751e8b465ee728b)  -> (artifact id: 'a6175e660022e61d241f8037b8e92029') in 0.019052 seconds
  Import took 0.020746 seconds .

========================================================================
Received Import Request.
  Time since last request: 0.027714 seconds.
  path: Assets/Agents/images/saifi.psd
  artifactKey: Guid(d9ccc8781d43c455cac6a6b85a7bde62) Importer(815301076,1909f56bfc062723c751e8b465ee728b)
Start importing Assets/Agents/images/saifi.psd using Guid(d9ccc8781d43c455cac6a6b85a7bde62) Importer(815301076,1909f56bfc062723c751e8b465ee728b)  -> (artifact id: 'a6175e660022e61d241f8037b8e92029') in 0.013798 seconds
  Import took 0.015441 seconds .

========================================================================
Received Import Request.
  Time since last request: 0.368902 seconds.
  path: Assets/Agents/images/people-walking2.psd
  artifactKey: Guid(242025c6aa9e24c51874e4aec8a4c15a) Importer(815301076,1909f56bfc062723c751e8b465ee728b)
Start importing Assets/Agents/images/people-walking2.psd using Guid(242025c6aa9e24c51874e4aec8a4c15a) Importer(815301076,1909f56bfc062723c751e8b465ee728b)  -> (artifact id: '5cd415e15949d88b8f30b785c1021c4a') in 0.017725 seconds
  Import took 0.019546 seconds .

========================================================================
Received Import Request.
  Time since last request: 0.296413 seconds.
  path: Assets/Agents/images/people-walking.psd
  artifactKey: Guid(e08991ed7860d45e7bb868d8134a3137) Importer(815301076,1909f56bfc062723c751e8b465ee728b)
Start importing Assets/Agents/images/people-walking.psd using Guid(e08991ed7860d45e7bb868d8134a3137) Importer(815301076,1909f56bfc062723c751e8b465ee728b)  -> (artifact id: '26b4d3ff577da7f8c62108f1a417cd3f') in 0.019650 seconds
  Import took 0.021526 seconds .

========================================================================
Received Import Request.
  Time since last request: 0.353564 seconds.
  path: Assets/Agents/images/people-standing.psd
  artifactKey: Guid(c1d6fd83b225d413eba7681d5e7b3f56) Importer(815301076,1909f56bfc062723c751e8b465ee728b)
Start importing Assets/Agents/images/people-standing.psd using Guid(c1d6fd83b225d413eba7681d5e7b3f56) Importer(815301076,1909f56bfc062723c751e8b465ee728b)  -> (artifact id: 'd59f8f8992e56dc2c0d250a3689c970e') in 0.068377 seconds
  Import took 0.072329 seconds .

========================================================================
Received Import Request.
  Time since last request: 0.616671 seconds.
  path: Assets/Agents/images/mosque.psd
  artifactKey: Guid(1e554df2ef95c4f6fa73dd9babb0f6c1) Importer(815301076,1909f56bfc062723c751e8b465ee728b)
Start importing Assets/Agents/images/mosque.psd using Guid(1e554df2ef95c4f6fa73dd9babb0f6c1) Importer(815301076,1909f56bfc062723c751e8b465ee728b)  -> (artifact id: 'fc51aaae6675d66df15e803fa1acdbba') in 0.074007 seconds
  Import took 0.080438 seconds .

========================================================================
Received Import Request.
  Time since last request: 0.222543 seconds.
  path: Assets/Agents/images/man_in_suit.psd
  artifactKey: Guid(296e835ad34de49fab590d77c305b6ad) Importer(815301076,1909f56bfc062723c751e8b465ee728b)
Start importing Assets/Agents/images/man_in_suit.psd using Guid(296e835ad34de49fab590d77c305b6ad) Importer(815301076,1909f56bfc062723c751e8b465ee728b)  -> (artifact id: 'fda85ffa04ee54396bd52abac0950cb2') in 0.020094 seconds
  Import took 0.022061 seconds .

========================================================================
Received Import Request.
  Time since last request: 0.025809 seconds.
  path: Assets/Agents/images/man_in_suit.psd
  artifactKey: Guid(296e835ad34de49fab590d77c305b6ad) Importer(815301076,1909f56bfc062723c751e8b465ee728b)
Start importing Assets/Agents/images/man_in_suit.psd using Guid(296e835ad34de49fab590d77c305b6ad) Importer(815301076,1909f56bfc062723c751e8b465ee728b)  -> (artifact id: 'fda85ffa04ee54396bd52abac0950cb2') in 0.013173 seconds
  Import took 0.014835 seconds .

========================================================================
Received Import Request.
  Time since last request: 0.186355 seconds.
  path: Assets/Agents/images/man-with-legs-open.psd
  artifactKey: Guid(bbda1efbd84044db2b4faa07b1d72e71) Importer(815301076,1909f56bfc062723c751e8b465ee728b)
Start importing Assets/Agents/images/man-with-legs-open.psd using Guid(bbda1efbd84044db2b4faa07b1d72e71) Importer(815301076,1909f56bfc062723c751e8b465ee728b)  -> (artifact id: 'dabcc6a7888a1764e000d081182b0fb9') in 0.019004 seconds
  Import took 0.020538 seconds .

========================================================================
Received Import Request.
  Time since last request: 0.351226 seconds.
  path: Assets/Agents/images/man-with-legs-closed3.psd
  artifactKey: Guid(9bc4cde27f493d344bc298b8a851095b) Importer(815301076,1909f56bfc062723c751e8b465ee728b)
Start importing Assets/Agents/images/man-with-legs-closed3.psd using Guid(9bc4cde27f493d344bc298b8a851095b) Importer(815301076,1909f56bfc062723c751e8b465ee728b)  -> (artifact id: '2639db631b5d30d6104b71ac12dcf1f7') in 0.068274 seconds
  Import took 0.074815 seconds .

========================================================================
Received Import Request.
  Time since last request: 7.397544 seconds.
  path: Assets/Agents/images/man-with-legs-closed2.psd
  artifactKey: Guid(f08204eabd6c6464bae1ee84e601f93a) Importer(815301076,1909f56bfc062723c751e8b465ee728b)
Start importing Assets/Agents/images/man-with-legs-closed2.psd using Guid(f08204eabd6c6464bae1ee84e601f93a) Importer(815301076,1909f56bfc062723c751e8b465ee728b)  -> (artifact id: '326de5e1d4bc75229b2ab30cac7e84ea') in 0.017460 seconds
  Import took 0.019056 seconds .

========================================================================
Received Import Request.
  Time since last request: 0.022751 seconds.
  path: Assets/Agents/images/man-with-legs-closed2.psd
  artifactKey: Guid(f08204eabd6c6464bae1ee84e601f93a) Importer(815301076,1909f56bfc062723c751e8b465ee728b)
Start importing Assets/Agents/images/man-with-legs-closed2.psd using Guid(f08204eabd6c6464bae1ee84e601f93a) Importer(815301076,1909f56bfc062723c751e8b465ee728b)  -> (artifact id: '326de5e1d4bc75229b2ab30cac7e84ea') in 0.013295 seconds
  Import took 0.014839 seconds .

========================================================================
Received Import Request.
  Time since last request: 0.325254 seconds.
  path: Assets/Agents/images/man-with-legs-closed.psd
  artifactKey: Guid(aa9d4bdff4f0f1b47b383609b5d6c566) Importer(815301076,1909f56bfc062723c751e8b465ee728b)
Start importing Assets/Agents/images/man-with-legs-closed.psd using Guid(aa9d4bdff4f0f1b47b383609b5d6c566) Importer(815301076,1909f56bfc062723c751e8b465ee728b)  -> (artifact id: '5a05fa4c6e488f7138c44ac9c826b615') in 0.021900 seconds
  Import took 0.024125 seconds .

========================================================================
Received Import Request.
  Time since last request: 0.405461 seconds.
  path: Assets/Agents/images/man-walking-on-top-of-stairs.psd
  artifactKey: Guid(c6afcd0a8c2d44aa3bb210784923530e) Importer(815301076,1909f56bfc062723c751e8b465ee728b)
Start importing Assets/Agents/images/man-walking-on-top-of-stairs.psd using Guid(c6afcd0a8c2d44aa3bb210784923530e) Importer(815301076,1909f56bfc062723c751e8b465ee728b)  -> (artifact id: 'fc5f262f1cae4110187c79b20efabebc') in 0.017244 seconds
  Import took 0.018903 seconds .

========================================================================
Received Import Request.
  Time since last request: 0.373611 seconds.
  path: Assets/Agents/images/man-standing2.psd
  artifactKey: Guid(924ea5788744c492c9d6b839ac7d7bff) Importer(815301076,1909f56bfc062723c751e8b465ee728b)
Start importing Assets/Agents/images/man-standing2.psd using Guid(924ea5788744c492c9d6b839ac7d7bff) Importer(815301076,1909f56bfc062723c751e8b465ee728b)  -> (artifact id: 'e33bd11108afce76a6d0519083270a9d') in 0.019656 seconds
  Import took 0.021406 seconds .

========================================================================
Received Import Request.
  Time since last request: 0.308107 seconds.
  path: Assets/Agents/images/man-standing.psd
  artifactKey: Guid(c2e51e82f2ad84295b16cb0972545409) Importer(815301076,1909f56bfc062723c751e8b465ee728b)
Start importing Assets/Agents/images/man-standing.psd using Guid(c2e51e82f2ad84295b16cb0972545409) Importer(815301076,1909f56bfc062723c751e8b465ee728b)  -> (artifact id: '2d3a916135f6b5890a9c9eebe565dc9c') in 0.070036 seconds
  Import took 0.076456 seconds .

========================================================================
Received Import Request.
  Time since last request: 0.353807 seconds.
  path: Assets/Agents/images/man-sitting5.psd
  artifactKey: Guid(ecc3c57d94b124496a68b3d6e5fe961a) Importer(815301076,1909f56bfc062723c751e8b465ee728b)
Start importing Assets/Agents/images/man-sitting5.psd using Guid(ecc3c57d94b124496a68b3d6e5fe961a) Importer(815301076,1909f56bfc062723c751e8b465ee728b)  -> (artifact id: 'f4c5acee857faa42294071b5e0b6858d') in 0.067942 seconds
  Import took 0.074392 seconds .

========================================================================
Received Import Request.
  Time since last request: 0.230834 seconds.
  path: Assets/Agents/images/man-sitting4.psd
  artifactKey: Guid(e8f044061b8084e4281fda603fdf2651) Importer(815301076,1909f56bfc062723c751e8b465ee728b)
Start importing Assets/Agents/images/man-sitting4.psd using Guid(e8f044061b8084e4281fda603fdf2651) Importer(815301076,1909f56bfc062723c751e8b465ee728b)  -> (artifact id: '4437da5235662676ac843547156f0089') in 0.016875 seconds
  Import took 0.018601 seconds .

========================================================================
Received Import Request.
  Time since last request: 0.262028 seconds.
  path: Assets/Agents/images/man-sitting3.psd
  artifactKey: Guid(56831eb4bcb0644419220c112213e450) Importer(815301076,1909f56bfc062723c751e8b465ee728b)
Start importing Assets/Agents/images/man-sitting3.psd using Guid(56831eb4bcb0644419220c112213e450) Importer(815301076,1909f56bfc062723c751e8b465ee728b)  -> (artifact id: 'd851098ada927abb3a97d9ec7f4601c0') in 0.052023 seconds
  Import took 0.055721 seconds .

========================================================================
Received Import Request.
  Time since last request: 0.188001 seconds.
  path: Assets/Agents/images/man-sitting2.psd
  artifactKey: Guid(1905dffc974ee4150b1818edebfa5f2d) Importer(815301076,1909f56bfc062723c751e8b465ee728b)
Start importing Assets/Agents/images/man-sitting2.psd using Guid(1905dffc974ee4150b1818edebfa5f2d) Importer(815301076,1909f56bfc062723c751e8b465ee728b)  -> (artifact id: '7d3ade2d08e13cb3c8cc3fab8ada28b0') in 0.019524 seconds
  Import took 0.022103 seconds .

========================================================================
Received Import Request.
  Time since last request: 0.225543 seconds.
  path: Assets/Agents/images/man-sitting.psd
  artifactKey: Guid(eb2793ee22cd949f596fc9f25e3cc83f) Importer(815301076,1909f56bfc062723c751e8b465ee728b)
Start importing Assets/Agents/images/man-sitting.psd using Guid(eb2793ee22cd949f596fc9f25e3cc83f) Importer(815301076,1909f56bfc062723c751e8b465ee728b)  -> (artifact id: 'ab5e14c39b954d274c35ac9ce5122dac') in 0.041600 seconds
  Import took 0.046103 seconds .

========================================================================
Received Import Request.
  Time since last request: 0.237273 seconds.
  path: Assets/Agents/images/man-and-woman-standing.psd
  artifactKey: Guid(434d4b01f155e47c5ad99e1b3df2ba3b) Importer(815301076,1909f56bfc062723c751e8b465ee728b)
Start importing Assets/Agents/images/man-and-woman-standing.psd using Guid(434d4b01f155e47c5ad99e1b3df2ba3b) Importer(815301076,1909f56bfc062723c751e8b465ee728b)  -> (artifact id: '1d9f3260b6079423e967d2ae39b44cc6') in 0.074868 seconds
  Import took 0.082753 seconds .

========================================================================
Received Import Request.
  Time since last request: 0.213209 seconds.
  path: Assets/Agents/images/man-and-woman-in-gray-suits.psd
  artifactKey: Guid(5628f2b9d15e5a24a9fafb469ffd184f) Importer(815301076,1909f56bfc062723c751e8b465ee728b)
Start importing Assets/Agents/images/man-and-woman-in-gray-suits.psd using Guid(5628f2b9d15e5a24a9fafb469ffd184f) Importer(815301076,1909f56bfc062723c751e8b465ee728b)  -> (artifact id: '36e05a6d0f2f2e4d82340cf4afcff21e') in 0.016564 seconds
  Import took 0.018398 seconds .

========================================================================
Received Import Request.
  Time since last request: 0.030183 seconds.
  path: Assets/Agents/images/man-and-woman-in-gray-suits.psd
  artifactKey: Guid(5628f2b9d15e5a24a9fafb469ffd184f) Importer(815301076,1909f56bfc062723c751e8b465ee728b)
Start importing Assets/Agents/images/man-and-woman-in-gray-suits.psd using Guid(5628f2b9d15e5a24a9fafb469ffd184f) Importer(815301076,1909f56bfc062723c751e8b465ee728b)  -> (artifact id: '36e05a6d0f2f2e4d82340cf4afcff21e') in 0.012514 seconds
  Import took 0.014202 seconds .

========================================================================
Received Import Request.
  Time since last request: 42.743447 seconds.
  path: Assets/Agents/images/woman-with-child.psd
  artifactKey: Guid(0d95bc5b2f8624fff98457643fda0f88) Importer(815301076,1909f56bfc062723c751e8b465ee728b)
Start importing Assets/Agents/images/woman-with-child.psd using Guid(0d95bc5b2f8624fff98457643fda0f88) Importer(815301076,1909f56bfc062723c751e8b465ee728b)  -> (artifact id: '1c37a91ef74cbb87b7ee7338b85e05ca') in 0.015637 seconds
  Import took 0.017611 seconds .

========================================================================
Received Import Request.
  Time since last request: 0.013913 seconds.
  path: Assets/Agents/images/woman-with-child.psd
  artifactKey: Guid(0d95bc5b2f8624fff98457643fda0f88) Importer(815301076,1909f56bfc062723c751e8b465ee728b)
Start importing Assets/Agents/images/woman-with-child.psd using Guid(0d95bc5b2f8624fff98457643fda0f88) Importer(815301076,1909f56bfc062723c751e8b465ee728b)  -> (artifact id: '1c37a91ef74cbb87b7ee7338b85e05ca') in 0.012913 seconds
  Import took 0.014805 seconds .

========================================================================
Received Import Request.
  Time since last request: 0.808704 seconds.
  path: Assets/Agents/images/woman-walking.psd
  artifactKey: Guid(40f889e73f9ec4538950bd101b566812) Importer(815301076,1909f56bfc062723c751e8b465ee728b)
Start importing Assets/Agents/images/woman-walking.psd using Guid(40f889e73f9ec4538950bd101b566812) Importer(815301076,1909f56bfc062723c751e8b465ee728b)  -> (artifact id: 'f90d821a7733eae4dfd3bde927fe96f0') in 0.015931 seconds
  Import took 0.017761 seconds .

========================================================================
Received Import Request.
  Time since last request: 0.319932 seconds.
  path: Assets/Agents/images/woman-standing.psd
  artifactKey: Guid(ff508a018bcd44b69a30fc02402ab9da) Importer(815301076,1909f56bfc062723c751e8b465ee728b)
Start importing Assets/Agents/images/woman-standing.psd using Guid(ff508a018bcd44b69a30fc02402ab9da) Importer(815301076,1909f56bfc062723c751e8b465ee728b)  -> (artifact id: '9b856f6f4be1a93902c8dfac540baeee') in 0.027238 seconds
  Import took 0.028851 seconds .

========================================================================
Received Import Request.
  Time since last request: 0.290720 seconds.
  path: Assets/Agents/images/woman-sitting2.psd
  artifactKey: Guid(20ad291f92cd6429e846f965d1e3a6f0) Importer(815301076,1909f56bfc062723c751e8b465ee728b)
Start importing Assets/Agents/images/woman-sitting2.psd using Guid(20ad291f92cd6429e846f965d1e3a6f0) Importer(815301076,1909f56bfc062723c751e8b465ee728b)  -> (artifact id: 'af0a139a4bf975deffbc0e04c4386e9c') in 0.015769 seconds
  Import took 0.018844 seconds .

========================================================================
Received Import Request.
  Time since last request: 0.301036 seconds.
  path: Assets/Agents/images/woman-sitting.psd
  artifactKey: Guid(9e757c0b7ceb7434c842e9f3bcfcdb5e) Importer(815301076,1909f56bfc062723c751e8b465ee728b)
Start importing Assets/Agents/images/woman-sitting.psd using Guid(9e757c0b7ceb7434c842e9f3bcfcdb5e) Importer(815301076,1909f56bfc062723c751e8b465ee728b)  -> (artifact id: 'b138e744d9dab9d653bce5fb33af26d7') in 0.018738 seconds
  Import took 0.020598 seconds .

========================================================================
Received Import Request.
  Time since last request: 0.311789 seconds.
  path: Assets/Agents/images/woman-flip-flop-walking.psd
  artifactKey: Guid(f21544b1368b44dda9577f5cd2580582) Importer(815301076,1909f56bfc062723c751e8b465ee728b)
Start importing Assets/Agents/images/woman-flip-flop-walking.psd using Guid(f21544b1368b44dda9577f5cd2580582) Importer(815301076,1909f56bfc062723c751e8b465ee728b)  -> (artifact id: '73548ed17c291a29c5aee67bdff321db') in 0.017243 seconds
  Import took 0.018947 seconds .

========================================================================
Received Import Request.
  Time since last request: 0.293311 seconds.
  path: Assets/Agents/images/woman-and-children.psd
  artifactKey: Guid(2bc4c6e0754344c8f9a52f249c02972d) Importer(815301076,1909f56bfc062723c751e8b465ee728b)
Start importing Assets/Agents/images/woman-and-children.psd using Guid(2bc4c6e0754344c8f9a52f249c02972d) Importer(815301076,1909f56bfc062723c751e8b465ee728b)  -> (artifact id: '0a725f976d0f14b2a01900ae3d1aad31') in 0.018620 seconds
  Import took 0.022223 seconds .

========================================================================
Received Import Request.
  Time since last request: 0.648250 seconds.
  path: Assets/Agents/images/wine-glasses.psd
  artifactKey: Guid(583c7ae6af59b4fabb21ef1831f68b41) Importer(815301076,1909f56bfc062723c751e8b465ee728b)
Start importing Assets/Agents/images/wine-glasses.psd using Guid(583c7ae6af59b4fabb21ef1831f68b41) Importer(815301076,1909f56bfc062723c751e8b465ee728b)  -> (artifact id: '5b5be3f693734c0725880a9a1240c072') in 0.016332 seconds
  Import took 0.019794 seconds .

========================================================================
Received Import Request.
  Time since last request: 0.354188 seconds.
  path: Assets/Agents/images/wellness-center.psd
  artifactKey: Guid(2ab25e0d10dd0499dac119ae162ea1fd) Importer(815301076,1909f56bfc062723c751e8b465ee728b)
Start importing Assets/Agents/images/wellness-center.psd using Guid(2ab25e0d10dd0499dac119ae162ea1fd) Importer(815301076,1909f56bfc062723c751e8b465ee728b)  -> (artifact id: 'ac0268a63b56c1476af3643c6fd44004') in 0.035737 seconds
  Import took 0.038445 seconds .

========================================================================
Received Import Request.
  Time since last request: 0.310274 seconds.
  path: Assets/Agents/images/Untitled-1.psd
  artifactKey: Guid(0cfcbc6032ef90c4895fca8a92cbb402) Importer(815301076,1909f56bfc062723c751e8b465ee728b)
Start importing Assets/Agents/images/Untitled-1.psd using Guid(0cfcbc6032ef90c4895fca8a92cbb402) Importer(815301076,1909f56bfc062723c751e8b465ee728b)  -> (artifact id: 'f090434ab10e4b8aacc6d6bffc06672a') in 0.018499 seconds
  Import took 0.020146 seconds .

========================================================================
Received Import Request.
  Time since last request: 0.284826 seconds.
  path: Assets/Agents/images/two-women-walking3.psd
  artifactKey: Guid(30b6e68bb4aba484cbb548559b42489c) Importer(815301076,1909f56bfc062723c751e8b465ee728b)
Start importing Assets/Agents/images/two-women-walking3.psd using Guid(30b6e68bb4aba484cbb548559b42489c) Importer(815301076,1909f56bfc062723c751e8b465ee728b)  -> (artifact id: '0e2760a0df483c2ea0fd7378f8c20398') in 0.020376 seconds
  Import took 0.023295 seconds .

========================================================================
Received Import Request.
  Time since last request: 0.349264 seconds.
  path: Assets/Agents/images/two-women-walking2.psd
  artifactKey: Guid(d2e10b719e51d4a709195bbd4540739f) Importer(815301076,1909f56bfc062723c751e8b465ee728b)
Start importing Assets/Agents/images/two-women-walking2.psd using Guid(d2e10b719e51d4a709195bbd4540739f) Importer(815301076,1909f56bfc062723c751e8b465ee728b)  -> (artifact id: 'e170be638106a3e33da10ec0e9d79315') in 0.015974 seconds
  Import took 0.017861 seconds .

========================================================================
Received Import Request.
  Time since last request: 0.299036 seconds.
  path: Assets/Agents/images/two-women-walking.psd
  artifactKey: Guid(209030bf5778343bcaeb8d8bc84c79f9) Importer(815301076,1909f56bfc062723c751e8b465ee728b)
Start importing Assets/Agents/images/two-women-walking.psd using Guid(209030bf5778343bcaeb8d8bc84c79f9) Importer(815301076,1909f56bfc062723c751e8b465ee728b)  -> (artifact id: '432d84b43450bd02d36d3e216736b438') in 0.039576 seconds
  Import took 0.043526 seconds .

========================================================================
Received Import Request.
  Time since last request: 0.310534 seconds.
  path: Assets/Agents/images/two-women-standing.psd
  artifactKey: Guid(da5e35b8c4b7844278959db4ebae605b) Importer(815301076,1909f56bfc062723c751e8b465ee728b)
Start importing Assets/Agents/images/two-women-standing.psd using Guid(da5e35b8c4b7844278959db4ebae605b) Importer(815301076,1909f56bfc062723c751e8b465ee728b)  -> (artifact id: 'c5834e6ce237ef7b886d76c60c7fb4b1') in 0.018084 seconds
  Import took 0.019886 seconds .

========================================================================
Received Import Request.
  Time since last request: 0.320454 seconds.
  path: Assets/Agents/images/two-women-sitting.psd
  artifactKey: Guid(cdf6939cd498d4737b563835529ad2ea) Importer(815301076,1909f56bfc062723c751e8b465ee728b)
Start importing Assets/Agents/images/two-women-sitting.psd using Guid(cdf6939cd498d4737b563835529ad2ea) Importer(815301076,1909f56bfc062723c751e8b465ee728b)  -> (artifact id: '280eb376ba8bffc6810f4921a56dcb65') in 0.016282 seconds
  Import took 0.018002 seconds .

========================================================================
Received Import Request.
  Time since last request: 0.347046 seconds.
  path: Assets/Agents/images/two-mwn-sitting.psd
  artifactKey: Guid(cba6b29ffbb8d4809b063f4eb63848d1) Importer(815301076,1909f56bfc062723c751e8b465ee728b)
Start importing Assets/Agents/images/two-mwn-sitting.psd using Guid(cba6b29ffbb8d4809b063f4eb63848d1) Importer(815301076,1909f56bfc062723c751e8b465ee728b)  -> (artifact id: 'f2fbf8780df9e87176e0de3ad4935ced') in 0.071362 seconds
  Import took 0.077891 seconds .

========================================================================
Received Import Request.
  Time since last request: 0.240513 seconds.
  path: Assets/Agents/images/two-men-standing2.psd
  artifactKey: Guid(a9a41305eb561fb4f8e0e41a06b7c908) Importer(815301076,1909f56bfc062723c751e8b465ee728b)
Start importing Assets/Agents/images/two-men-standing2.psd using Guid(a9a41305eb561fb4f8e0e41a06b7c908) Importer(815301076,1909f56bfc062723c751e8b465ee728b)  -> (artifact id: '04bc81beaaf878159cf779f0175ef8b1') in 0.015581 seconds
  Import took 0.017370 seconds .

========================================================================
Received Import Request.
  Time since last request: 0.397169 seconds.
  path: Assets/Agents/images/two-men-standing.psd
  artifactKey: Guid(e7f4175346ee779458c7ae86134fe907) Importer(815301076,1909f56bfc062723c751e8b465ee728b)
Start importing Assets/Agents/images/two-men-standing.psd using Guid(e7f4175346ee779458c7ae86134fe907) Importer(815301076,1909f56bfc062723c751e8b465ee728b)  -> (artifact id: '9d1356dc942b4df1a7410387fe420dc2') in 0.044777 seconds
  Import took 0.048940 seconds .

========================================================================
Received Import Request.
  Time since last request: 0.015672 seconds.
  path: Assets/Agents/images/two-men-standing.psd
  artifactKey: Guid(e7f4175346ee779458c7ae86134fe907) Importer(815301076,1909f56bfc062723c751e8b465ee728b)
Start importing Assets/Agents/images/two-men-standing.psd using Guid(e7f4175346ee779458c7ae86134fe907) Importer(815301076,1909f56bfc062723c751e8b465ee728b)  -> (artifact id: '9d1356dc942b4df1a7410387fe420dc2') in 0.013351 seconds
  Import took 0.015085 seconds .

========================================================================
Received Import Request.
  Time since last request: 26.232021 seconds.
  path: Assets/Agents/images/board-member11.psd
  artifactKey: Guid(2d4dc501aa35746f0bb584b9d5f07a66) Importer(815301076,1909f56bfc062723c751e8b465ee728b)
Start importing Assets/Agents/images/board-member11.psd using Guid(2d4dc501aa35746f0bb584b9d5f07a66) Importer(815301076,1909f56bfc062723c751e8b465ee728b)  -> (artifact id: 'afc261123cd55d863c40e4cba5ff431c') in 0.062402 seconds
  Import took 0.069020 seconds .

========================================================================
Received Import Request.
  Time since last request: 0.497287 seconds.
  path: Assets/Agents/images/board-member10.psd
  artifactKey: Guid(5a590f0c792f49443b34aef76610aae3) Importer(815301076,1909f56bfc062723c751e8b465ee728b)
Start importing Assets/Agents/images/board-member10.psd using Guid(5a590f0c792f49443b34aef76610aae3) Importer(815301076,1909f56bfc062723c751e8b465ee728b)  -> (artifact id: 'e1c38e0952dca2c36a158d48ef2b5dd9') in 0.017387 seconds
  Import took 0.019116 seconds .

========================================================================
Received Import Request.
  Time since last request: 0.398239 seconds.
  path: Assets/Agents/images/board-member9.psd
  artifactKey: Guid(d6dba3fdeaf8842c7b93bc713fd7e919) Importer(815301076,1909f56bfc062723c751e8b465ee728b)
Start importing Assets/Agents/images/board-member9.psd using Guid(d6dba3fdeaf8842c7b93bc713fd7e919) Importer(815301076,1909f56bfc062723c751e8b465ee728b)  -> (artifact id: '1bba570b073d2c193e1daf23b3c2827e') in 0.055374 seconds
  Import took 0.059089 seconds .

========================================================================
Received Import Request.
  Time since last request: 0.316774 seconds.
  path: Assets/Agents/images/board-member8.psd
  artifactKey: Guid(a1102be0d1e0f4555ac3d95a04ea6a47) Importer(815301076,1909f56bfc062723c751e8b465ee728b)
Start importing Assets/Agents/images/board-member8.psd using Guid(a1102be0d1e0f4555ac3d95a04ea6a47) Importer(815301076,1909f56bfc062723c751e8b465ee728b)  -> (artifact id: 'ed89b66d453e59f4f1a60af780bfc471') in 0.073717 seconds
  Import took 0.080986 seconds .

========================================================================
Received Import Request.
  Time since last request: 0.274529 seconds.
  path: Assets/Agents/images/board-member7.psd
  artifactKey: Guid(8143b99dc224f354485d94127c85d376) Importer(815301076,1909f56bfc062723c751e8b465ee728b)
Start importing Assets/Agents/images/board-member7.psd using Guid(8143b99dc224f354485d94127c85d376) Importer(815301076,1909f56bfc062723c751e8b465ee728b)  -> (artifact id: '0a1b4b49c61ebec7b8821f88e3edc443') in 0.017917 seconds
  Import took 0.019746 seconds .

========================================================================
Received Import Request.
  Time since last request: 0.335871 seconds.
  path: Assets/Agents/images/board-member6.psd
  artifactKey: Guid(7471dea7d99b74917974c25a2b438b81) Importer(815301076,1909f56bfc062723c751e8b465ee728b)
Start importing Assets/Agents/images/board-member6.psd using Guid(7471dea7d99b74917974c25a2b438b81) Importer(815301076,1909f56bfc062723c751e8b465ee728b)  -> (artifact id: '6d3679d600f52b957bd2c02cb9a2ec2d') in 0.018625 seconds
  Import took 0.020608 seconds .

========================================================================
Received Import Request.
  Time since last request: 0.347447 seconds.
  path: Assets/Agents/images/board-member5.psd
  artifactKey: Guid(cc07352c9fd1644caab50a26fce37973) Importer(815301076,1909f56bfc062723c751e8b465ee728b)
Start importing Assets/Agents/images/board-member5.psd using Guid(cc07352c9fd1644caab50a26fce37973) Importer(815301076,1909f56bfc062723c751e8b465ee728b)  -> (artifact id: 'd86c4c8c4bc55a36a770cdef07ecf693') in 0.015036 seconds
  Import took 0.016629 seconds .

========================================================================
Received Import Request.
  Time since last request: 0.000817 seconds.
  path: Assets/Agents/images/board-member5.psd
  artifactKey: Guid(cc07352c9fd1644caab50a26fce37973) Importer(815301076,1909f56bfc062723c751e8b465ee728b)
Start importing Assets/Agents/images/board-member5.psd using Guid(cc07352c9fd1644caab50a26fce37973) Importer(815301076,1909f56bfc062723c751e8b465ee728b)  -> (artifact id: 'd86c4c8c4bc55a36a770cdef07ecf693') in 0.012544 seconds
  Import took 0.014614 seconds .

========================================================================
Received Import Request.
  Time since last request: 1.631077 seconds.
  path: Assets/Agents/images/Materials
  artifactKey: Guid(94eed02ef49a0402dac0a8d093977dcb) Importer(815301076,1909f56bfc062723c751e8b465ee728b)
Start importing Assets/Agents/images/Materials using Guid(94eed02ef49a0402dac0a8d093977dcb) Importer(815301076,1909f56bfc062723c751e8b465ee728b)  -> (artifact id: 'da53bd14ac3854ae46028a8a7c9bc3eb') in 0.022152 seconds
  Import took 0.028545 seconds .

========================================================================
Received Import Request.
  Time since last request: 117.471597 seconds.
  path: Assets/Prefabs/Corporate Finance.prefab
  artifactKey: Guid(be09232920830496b9a2e8bd75061522) Importer(815301076,1909f56bfc062723c751e8b465ee728b)
Start importing Assets/Prefabs/Corporate Finance.prefab using Guid(be09232920830496b9a2e8bd75061522) Importer(815301076,1909f56bfc062723c751e8b465ee728b)  -> (artifact id: '14d8ffc6dcce603387254724b090811c') in 0.049194 seconds
  Import took 0.052682 seconds .

AssetImportWorkerClient::OnTransportError - code=2 error=End of file
